<?xml version="1.0" encoding="UTF-8"?>
<!-- Generated by org.testng.reporters.JUnitReportReporter -->
<testsuite skipped="0" hostname="WGC1001DLVQ73" name="testcases.TC003" tests="3" failures="0" timestamp="2022-03-30T10:35:23 IST" time="58.190" errors="0">
  <testcase name="panIndWebsite" time="19.256" classname="testcases.TC003"/>
  <system-out/>
  <testcase name="panIndWebsite" time="19.786" classname="testcases.TC003"/>
  <system-out/>
  <testcase name="panIndWebsite" time="19.148" classname="testcases.TC003"/>
  <system-out/>
</testsuite> <!-- testcases.TC003 -->
