<?xml version="1.0" encoding="UTF-8"?>
<!-- Generated by org.testng.reporters.JUnitReportReporter -->
<testsuite skipped="0" hostname="WGC1001DLVQ73" name="testcases.TC009" tests="3" failures="0" timestamp="2022-03-30T08:18:12 IST" time="150.265" errors="0">
  <testcase name="formCWebsite" time="53.412" classname="testcases.TC009"/>
  <system-out/>
  <testcase name="formCWebsite" time="54.102" classname="testcases.TC009"/>
  <system-out/>
  <testcase name="formCWebsite" time="42.751" classname="testcases.TC009"/>
  <system-out/>
</testsuite> <!-- testcases.TC009 -->
