<?xml version="1.0" encoding="UTF-8"?>
<!-- Generated by org.testng.reporters.JUnitReportReporter -->
<testsuite skipped="0" hostname="WGC1001DLVQ73" name="testcases.TC001" tests="2" failures="0" timestamp="2022-03-30T09:25:17 IST" time="29.887" errors="0">
  <testcase name="facebookSignup" time="13.743" classname="testcases.TC001"/>
  <system-out/>
  <testcase name="facebookSignup" time="16.144" classname="testcases.TC001"/>
  <system-out/>
</testsuite> <!-- testcases.TC001 -->
