<?xml version="1.0" encoding="UTF-8"?>
<!-- Generated by org.testng.reporters.JUnitReportReporter -->
<testsuite skipped="0" hostname="WGC1001DLVQ73" name="testcases.TC002" tests="2" failures="0" timestamp="2022-03-30T09:27:19 IST" time="39.634" errors="0">
  <testcase name="phpTravels" time="21.032" classname="testcases.TC002"/>
  <system-out/>
  <testcase name="phpTravels" time="18.602" classname="testcases.TC002"/>
  <system-out/>
</testsuite> <!-- testcases.TC002 -->
