<?xml version="1.0" encoding="UTF-8"?>
<!-- Generated by org.testng.reporters.JUnitReportReporter -->
<testsuite skipped="1" hostname="WGC1001DLVQ73" name="testcases.TC007" tests="1" failures="0" timestamp="2022-03-30T06:53:22 IST" time="0.000" errors="0">
  <testcase name="bookHotelsOTPValidation" time="0.000" classname="testcases.TC007">
    <skipped/>
  </testcase> <!-- bookHotelsOTPValidation -->
  <system-out/>
</testsuite> <!-- testcases.TC007 -->
