<?xml version="1.0" encoding="UTF-8"?>
<!-- Generated by org.testng.reporters.JUnitReportReporter -->
<testsuite skipped="0" hostname="WGC1001DLVQ73" name="testcases.TC010" tests="3" failures="0" timestamp="2022-03-30T07:55:42 IST" time="46.490" errors="0">
  <testcase name="promptAlert" time="27.776" classname="testcases.TC010"/>
  <system-out/>
  <testcase name="promptAlert" time="8.922" classname="testcases.TC010"/>
  <system-out/>
  <testcase name="promptAlert" time="9.792" classname="testcases.TC010"/>
  <system-out/>
</testsuite> <!-- testcases.TC010 -->
