<?xml version="1.0" encoding="UTF-8"?>
<!-- Generated by org.testng.reporters.JUnitReportReporter -->
<testsuite skipped="0" hostname="WGC1001DLVQ73" name="testcases.TC004" tests="3" failures="0" timestamp="2022-03-30T01:18:26 IST" time="219.674" errors="0">
  <testcase name="irctcSignUp" time="75.241" classname="testcases.TC004"/>
  <system-out/>
  <testcase name="irctcSignUp" time="71.306" classname="testcases.TC004"/>
  <system-out/>
  <testcase name="irctcSignUp" time="73.127" classname="testcases.TC004"/>
  <system-out/>
</testsuite> <!-- testcases.TC004 -->
