<?xml version="1.0" encoding="UTF-8"?>
<!-- Generated by org.testng.reporters.JUnitReportReporter -->
<testsuite skipped="0" hostname="WGC1001DLVQ73" name="testcases.TC005" tests="1" failures="0" timestamp="2022-03-30T01:41:17 IST" time="54.663" errors="0">
  <testcase name="bookYourCoach" time="54.663" classname="testcases.TC005"/>
  <system-out/>
</testsuite> <!-- testcases.TC005 -->
